This is pdfTeX, Version 3.14159265-2.6-1.40.17 (TeX Live 2016/Debian) (preloaded format=pdflatex 2019.4.15)  11 JAN 2021 21:01
entering extended mode
 restricted \write18 enabled.
 file:line:error style messages enabled.
 %&-line parsing enabled.
**"Praca InÅ¼ynierska Gamitude.tex"
(./Praca InÅ¼ynierska Gamitude.tex
LaTeX2e <2017/01/01> patch level 3
Babel <3.9r> and hyphenation patterns for 83 language(s) loaded.
(/usr/share/texlive/texmf-dist/tex/latex/base/report.cls
Document Class: report 2014/09/29 v1.4h Standard LaTeX document class
(/usr/share/texlive/texmf-dist/tex/latex/base/size11.clo
File: size11.clo 2014/09/29 v1.4h Standard LaTeX file (size option)
)
\c@part=\count79
\c@chapter=\count80
\c@section=\count81
\c@subsection=\count82
\c@subsubsection=\count83
\c@paragraph=\count84
\c@subparagraph=\count85
\c@figure=\count86
\c@table=\count87
\abovecaptionskip=\skip41
\belowcaptionskip=\skip42
\bibindent=\dimen102
)
(/usr/share/texlive/texmf-dist/tex/generic/babel/babel.sty
Package: babel 2016/04/23 3.9r The Babel package

(/usr/share/texlive/texmf-dist/tex/generic/babel-english/english.ldf
Language: english 2012/08/20 v3.3p English support from the babel system

(/usr/share/texlive/texmf-dist/tex/generic/babel/babel.def
File: babel.def 2016/04/23 3.9r Babel common definitions
\babel@savecnt=\count88
\U@D=\dimen103
)
\l@canadian = a dialect from \language\l@american 
\l@australian = a dialect from \language\l@british 
\l@newzealand = a dialect from \language\l@british 
)
(/usr/share/texlive/texmf-dist/tex/generic/babel-polish/polish.ldf
Language: polish 2005/03/31 v1.2l Polish support from the babel system
Package babel Info: Making " an active character on input line 83.
\pl@left=\dimen104
\pl@down=\dimen105
\pl@right=\dimen106
\pl@temp=\dimen107
))
(/usr/share/texlive/texmf-dist/tex/latex/base/inputenc.sty
Package: inputenc 2015/03/17 v1.2c Input encoding file
\inpenc@prehook=\toks14
\inpenc@posthook=\toks15

(/usr/share/texlive/texmf-dist/tex/latex/base/utf8.def
File: utf8.def 2017/01/28 v1.1t UTF-8 support for inputenc
Now handling font encoding OML ...
... no UTF-8 mapping file for font encoding OML
Now handling font encoding T1 ...
... processing UTF-8 mapping file for font encoding T1

(/usr/share/texlive/texmf-dist/tex/latex/base/t1enc.dfu
File: t1enc.dfu 2017/01/28 v1.1t UTF-8 support for inputenc
   defining Unicode char U+00A0 (decimal 160)
   defining Unicode char U+00A1 (decimal 161)
   defining Unicode char U+00A3 (decimal 163)
   defining Unicode char U+00AB (decimal 171)
   defining Unicode char U+00AD (decimal 173)
   defining Unicode char U+00BB (decimal 187)
   defining Unicode char U+00BF (decimal 191)
   defining Unicode char U+00C0 (decimal 192)
   defining Unicode char U+00C1 (decimal 193)
   defining Unicode char U+00C2 (decimal 194)
   defining Unicode char U+00C3 (decimal 195)
   defining Unicode char U+00C4 (decimal 196)
   defining Unicode char U+00C5 (decimal 197)
   defining Unicode char U+00C6 (decimal 198)
   defining Unicode char U+00C7 (decimal 199)
   defining Unicode char U+00C8 (decimal 200)
   defining Unicode char U+00C9 (decimal 201)
   defining Unicode char U+00CA (decimal 202)
   defining Unicode char U+00CB (decimal 203)
   defining Unicode char U+00CC (decimal 204)
   defining Unicode char U+00CD (decimal 205)
   defining Unicode char U+00CE (decimal 206)
   defining Unicode char U+00CF (decimal 207)
   defining Unicode char U+00D0 (decimal 208)
   defining Unicode char U+00D1 (decimal 209)
   defining Unicode char U+00D2 (decimal 210)
   defining Unicode char U+00D3 (decimal 211)
   defining Unicode char U+00D4 (decimal 212)
   defining Unicode char U+00D5 (decimal 213)
   defining Unicode char U+00D6 (decimal 214)
   defining Unicode char U+00D8 (decimal 216)
   defining Unicode char U+00D9 (decimal 217)
   defining Unicode char U+00DA (decimal 218)
   defining Unicode char U+00DB (decimal 219)
   defining Unicode char U+00DC (decimal 220)
   defining Unicode char U+00DD (decimal 221)
   defining Unicode char U+00DE (decimal 222)
   defining Unicode char U+00DF (decimal 223)
   defining Unicode char U+00E0 (decimal 224)
   defining Unicode char U+00E1 (decimal 225)
   defining Unicode char U+00E2 (decimal 226)
   defining Unicode char U+00E3 (decimal 227)
   defining Unicode char U+00E4 (decimal 228)
   defining Unicode char U+00E5 (decimal 229)
   defining Unicode char U+00E6 (decimal 230)
   defining Unicode char U+00E7 (decimal 231)
   defining Unicode char U+00E8 (decimal 232)
   defining Unicode char U+00E9 (decimal 233)
   defining Unicode char U+00EA (decimal 234)
   defining Unicode char U+00EB (decimal 235)
   defining Unicode char U+00EC (decimal 236)
   defining Unicode char U+00ED (decimal 237)
   defining Unicode char U+00EE (decimal 238)
   defining Unicode char U+00EF (decimal 239)
   defining Unicode char U+00F0 (decimal 240)
   defining Unicode char U+00F1 (decimal 241)
   defining Unicode char U+00F2 (decimal 242)
   defining Unicode char U+00F3 (decimal 243)
   defining Unicode char U+00F4 (decimal 244)
   defining Unicode char U+00F5 (decimal 245)
   defining Unicode char U+00F6 (decimal 246)
   defining Unicode char U+00F8 (decimal 248)
   defining Unicode char U+00F9 (decimal 249)
   defining Unicode char U+00FA (decimal 250)
   defining Unicode char U+00FB (decimal 251)
   defining Unicode char U+00FC (decimal 252)
   defining Unicode char U+00FD (decimal 253)
   defining Unicode char U+00FE (decimal 254)
   defining Unicode char U+00FF (decimal 255)
   defining Unicode char U+0100 (decimal 256)
   defining Unicode char U+0101 (decimal 257)
   defining Unicode char U+0102 (decimal 258)
   defining Unicode char U+0103 (decimal 259)
   defining Unicode char U+0104 (decimal 260)
   defining Unicode char U+0105 (decimal 261)
   defining Unicode char U+0106 (decimal 262)
   defining Unicode char U+0107 (decimal 263)
   defining Unicode char U+0108 (decimal 264)
   defining Unicode char U+0109 (decimal 265)
   defining Unicode char U+010A (decimal 266)
   defining Unicode char U+010B (decimal 267)
   defining Unicode char U+010C (decimal 268)
   defining Unicode char U+010D (decimal 269)
   defining Unicode char U+010E (decimal 270)
   defining Unicode char U+010F (decimal 271)
   defining Unicode char U+0110 (decimal 272)
   defining Unicode char U+0111 (decimal 273)
   defining Unicode char U+0112 (decimal 274)
   defining Unicode char U+0113 (decimal 275)
   defining Unicode char U+0114 (decimal 276)
   defining Unicode char U+0115 (decimal 277)
   defining Unicode char U+0116 (decimal 278)
   defining Unicode char U+0117 (decimal 279)
   defining Unicode char U+0118 (decimal 280)
   defining Unicode char U+0119 (decimal 281)
   defining Unicode char U+011A (decimal 282)
   defining Unicode char U+011B (decimal 283)
   defining Unicode char U+011C (decimal 284)
   defining Unicode char U+011D (decimal 285)
   defining Unicode char U+011E (decimal 286)
   defining Unicode char U+011F (decimal 287)
   defining Unicode char U+0120 (decimal 288)
   defining Unicode char U+0121 (decimal 289)
   defining Unicode char U+0122 (decimal 290)
   defining Unicode char U+0123 (decimal 291)
   defining Unicode char U+0124 (decimal 292)
   defining Unicode char U+0125 (decimal 293)
   defining Unicode char U+0128 (decimal 296)
   defining Unicode char U+0129 (decimal 297)
   defining Unicode char U+012A (decimal 298)
   defining Unicode char U+012B (decimal 299)
   defining Unicode char U+012C (decimal 300)
   defining Unicode char U+012D (decimal 301)
   defining Unicode char U+012E (decimal 302)
   defining Unicode char U+012F (decimal 303)
   defining Unicode char U+0130 (decimal 304)
   defining Unicode char U+0131 (decimal 305)
   defining Unicode char U+0132 (decimal 306)
   defining Unicode char U+0133 (decimal 307)
   defining Unicode char U+0134 (decimal 308)
   defining Unicode char U+0135 (decimal 309)
   defining Unicode char U+0136 (decimal 310)
   defining Unicode char U+0137 (decimal 311)
   defining Unicode char U+0139 (decimal 313)
   defining Unicode char U+013A (decimal 314)
   defining Unicode char U+013B (decimal 315)
   defining Unicode char U+013C (decimal 316)
   defining Unicode char U+013D (decimal 317)
   defining Unicode char U+013E (decimal 318)
   defining Unicode char U+0141 (decimal 321)
   defining Unicode char U+0142 (decimal 322)
   defining Unicode char U+0143 (decimal 323)
   defining Unicode char U+0144 (decimal 324)
   defining Unicode char U+0145 (decimal 325)
   defining Unicode char U+0146 (decimal 326)
   defining Unicode char U+0147 (decimal 327)
   defining Unicode char U+0148 (decimal 328)
   defining Unicode char U+014A (decimal 330)
   defining Unicode char U+014B (decimal 331)
   defining Unicode char U+014C (decimal 332)
   defining Unicode char U+014D (decimal 333)
   defining Unicode char U+014E (decimal 334)
   defining Unicode char U+014F (decimal 335)
   defining Unicode char U+0150 (decimal 336)
   defining Unicode char U+0151 (decimal 337)
   defining Unicode char U+0152 (decimal 338)
   defining Unicode char U+0153 (decimal 339)
   defining Unicode char U+0154 (decimal 340)
   defining Unicode char U+0155 (decimal 341)
   defining Unicode char U+0156 (decimal 342)
   defining Unicode char U+0157 (decimal 343)
   defining Unicode char U+0158 (decimal 344)
   defining Unicode char U+0159 (decimal 345)
   defining Unicode char U+015A (decimal 346)
   defining Unicode char U+015B (decimal 347)
   defining Unicode char U+015C (decimal 348)
   defining Unicode char U+015D (decimal 349)
   defining Unicode char U+015E (decimal 350)
   defining Unicode char U+015F (decimal 351)
   defining Unicode char U+0160 (decimal 352)
   defining Unicode char U+0161 (decimal 353)
   defining Unicode char U+0162 (decimal 354)
   defining Unicode char U+0163 (decimal 355)
   defining Unicode char U+0164 (decimal 356)
   defining Unicode char U+0165 (decimal 357)
   defining Unicode char U+0168 (decimal 360)
   defining Unicode char U+0169 (decimal 361)
   defining Unicode char U+016A (decimal 362)
   defining Unicode char U+016B (decimal 363)
   defining Unicode char U+016C (decimal 364)
   defining Unicode char U+016D (decimal 365)
   defining Unicode char U+016E (decimal 366)
   defining Unicode char U+016F (decimal 367)
   defining Unicode char U+0170 (decimal 368)
   defining Unicode char U+0171 (decimal 369)
   defining Unicode char U+0172 (decimal 370)
   defining Unicode char U+0173 (decimal 371)
   defining Unicode char U+0174 (decimal 372)
   defining Unicode char U+0175 (decimal 373)
   defining Unicode char U+0176 (decimal 374)
   defining Unicode char U+0177 (decimal 375)
   defining Unicode char U+0178 (decimal 376)
   defining Unicode char U+0179 (decimal 377)
   defining Unicode char U+017A (decimal 378)
   defining Unicode char U+017B (decimal 379)
   defining Unicode char U+017C (decimal 380)
   defining Unicode char U+017D (decimal 381)
   defining Unicode char U+017E (decimal 382)
   defining Unicode char U+01CD (decimal 461)
   defining Unicode char U+01CE (decimal 462)
   defining Unicode char U+01CF (decimal 463)
   defining Unicode char U+01D0 (decimal 464)
   defining Unicode char U+01D1 (decimal 465)
   defining Unicode char U+01D2 (decimal 466)
   defining Unicode char U+01D3 (decimal 467)
   defining Unicode char U+01D4 (decimal 468)
   defining Unicode char U+01E2 (decimal 482)
   defining Unicode char U+01E3 (decimal 483)
   defining Unicode char U+01E6 (decimal 486)
   defining Unicode char U+01E7 (decimal 487)
   defining Unicode char U+01E8 (decimal 488)
   defining Unicode char U+01E9 (decimal 489)
   defining Unicode char U+01EA (decimal 490)
   defining Unicode char U+01EB (decimal 491)
   defining Unicode char U+01F0 (decimal 496)
   defining Unicode char U+01F4 (decimal 500)
   defining Unicode char U+01F5 (decimal 501)
   defining Unicode char U+0218 (decimal 536)
   defining Unicode char U+0219 (decimal 537)
   defining Unicode char U+021A (decimal 538)
   defining Unicode char U+021B (decimal 539)
   defining Unicode char U+0232 (decimal 562)
   defining Unicode char U+0233 (decimal 563)
   defining Unicode char U+1E02 (decimal 7682)
   defining Unicode char U+1E03 (decimal 7683)
   defining Unicode char U+200C (decimal 8204)
   defining Unicode char U+2010 (decimal 8208)
   defining Unicode char U+2011 (decimal 8209)
   defining Unicode char U+2012 (decimal 8210)
   defining Unicode char U+2013 (decimal 8211)
   defining Unicode char U+2014 (decimal 8212)
   defining Unicode char U+2015 (decimal 8213)
   defining Unicode char U+2018 (decimal 8216)
   defining Unicode char U+2019 (decimal 8217)
   defining Unicode char U+201A (decimal 8218)
   defining Unicode char U+201C (decimal 8220)
   defining Unicode char U+201D (decimal 8221)
   defining Unicode char U+201E (decimal 8222)
   defining Unicode char U+2030 (decimal 8240)
   defining Unicode char U+2031 (decimal 8241)
   defining Unicode char U+2039 (decimal 8249)
   defining Unicode char U+203A (decimal 8250)
   defining Unicode char U+2423 (decimal 9251)
   defining Unicode char U+1E20 (decimal 7712)
   defining Unicode char U+1E21 (decimal 7713)
)
Now handling font encoding OT1 ...
... processing UTF-8 mapping file for font encoding OT1

(/usr/share/texlive/texmf-dist/tex/latex/base/ot1enc.dfu
File: ot1enc.dfu 2017/01/28 v1.1t UTF-8 support for inputenc
   defining Unicode char U+00A0 (decimal 160)
   defining Unicode char U+00A1 (decimal 161)
   defining Unicode char U+00A3 (decimal 163)
   defining Unicode char U+00AD (decimal 173)
   defining Unicode char U+00B8 (decimal 184)
   defining Unicode char U+00BF (decimal 191)
   defining Unicode char U+00C5 (decimal 197)
   defining Unicode char U+00C6 (decimal 198)
   defining Unicode char U+00D8 (decimal 216)
   defining Unicode char U+00DF (decimal 223)
   defining Unicode char U+00E6 (decimal 230)
   defining Unicode char U+00EC (decimal 236)
   defining Unicode char U+00ED (decimal 237)
   defining Unicode char U+00EE (decimal 238)
   defining Unicode char U+00EF (decimal 239)
   defining Unicode char U+00F8 (decimal 248)
   defining Unicode char U+0131 (decimal 305)
   defining Unicode char U+0141 (decimal 321)
   defining Unicode char U+0142 (decimal 322)
   defining Unicode char U+0152 (decimal 338)
   defining Unicode char U+0153 (decimal 339)
   defining Unicode char U+0174 (decimal 372)
   defining Unicode char U+0175 (decimal 373)
   defining Unicode char U+0176 (decimal 374)
   defining Unicode char U+0177 (decimal 375)
   defining Unicode char U+0218 (decimal 536)
   defining Unicode char U+0219 (decimal 537)
   defining Unicode char U+021A (decimal 538)
   defining Unicode char U+021B (decimal 539)
   defining Unicode char U+2013 (decimal 8211)
   defining Unicode char U+2014 (decimal 8212)
   defining Unicode char U+2018 (decimal 8216)
   defining Unicode char U+2019 (decimal 8217)
   defining Unicode char U+201C (decimal 8220)
   defining Unicode char U+201D (decimal 8221)
)
Now handling font encoding OMS ...
... processing UTF-8 mapping file for font encoding OMS

(/usr/share/texlive/texmf-dist/tex/latex/base/omsenc.dfu
File: omsenc.dfu 2017/01/28 v1.1t UTF-8 support for inputenc
   defining Unicode char U+00A7 (decimal 167)
   defining Unicode char U+00B6 (decimal 182)
   defining Unicode char U+00B7 (decimal 183)
   defining Unicode char U+2020 (decimal 8224)
   defining Unicode char U+2021 (decimal 8225)
   defining Unicode char U+2022 (decimal 8226)
)
Now handling font encoding OMX ...
... no UTF-8 mapping file for font encoding OMX
Now handling font encoding U ...
... no UTF-8 mapping file for font encoding U
   defining Unicode char U+00A9 (decimal 169)
   defining Unicode char U+00AA (decimal 170)
   defining Unicode char U+00AE (decimal 174)
   defining Unicode char U+00BA (decimal 186)
   defining Unicode char U+02C6 (decimal 710)
   defining Unicode char U+02DC (decimal 732)
   defining Unicode char U+200C (decimal 8204)
   defining Unicode char U+2026 (decimal 8230)
   defining Unicode char U+2122 (decimal 8482)
   defining Unicode char U+2423 (decimal 9251)
))
(/usr/share/texlive/texmf-dist/tex/latex/blindtext/blindtext.sty
Package: blindtext 2012/01/06 V2.0 blindtext-Package

(/usr/share/texlive/texmf-dist/tex/latex/tools/xspace.sty
Package: xspace 2014/10/28 v1.13 Space after command names (DPC,MH)
)
\c@blindtext=\count89
\c@Blindtext=\count90
\c@blind@countparstart=\count91
\blind@countxx=\count92
\blindtext@numBlindtext=\count93
\blind@countyy=\count94
\c@blindlist=\count95
\c@blindlistlevel=\count96
\c@blindlist@level=\count97
\blind@listitem=\count98
\c@blind@listcount=\count99
\c@blind@levelcount=\count100
\blind@mathformula=\count101
\blind@Mathformula=\count102
\c@blind@randomcount=\count103
\c@blind@randommax=\count104
\c@blind@pangramcount=\count105
\c@blind@pangrammax=\count106
)
(/usr/share/texlive/texmf-dist/tex/latex/base/fontenc.sty
Package: fontenc 2017/02/22 v2.0g Standard LaTeX package

(/usr/share/texlive/texmf-dist/tex/latex/base/t1enc.def
File: t1enc.def 2017/02/22 v2.0g Standard LaTeX file
LaTeX Font Info:    Redeclaring font encoding T1 on input line 48.
))
(/usr/share/texlive/texmf-dist/tex/latex/booktabs/booktabs.sty
Package: booktabs 2016/04/27 v1.618033 publication quality tables
\heavyrulewidth=\dimen108
\lightrulewidth=\dimen109
\cmidrulewidth=\dimen110
\belowrulesep=\dimen111
\belowbottomsep=\dimen112
\aboverulesep=\dimen113
\abovetopsep=\dimen114
\cmidrulesep=\dimen115
\cmidrulekern=\dimen116
\defaultaddspace=\dimen117
\@cmidla=\count107
\@cmidlb=\count108
\@aboverulesep=\dimen118
\@belowrulesep=\dimen119
\@thisruleclass=\count109
\@lastruleclass=\count110
\@thisrulewidth=\dimen120
)
(/usr/share/texlive/texmf-dist/tex/latex/graphics/graphicx.sty
Package: graphicx 2014/10/28 v1.0g Enhanced LaTeX Graphics (DPC,SPQR)

(/usr/share/texlive/texmf-dist/tex/latex/graphics/keyval.sty
Package: keyval 2014/10/28 v1.15 key=value parser (DPC)
\KV@toks@=\toks16
)
(/usr/share/texlive/texmf-dist/tex/latex/graphics/graphics.sty
Package: graphics 2016/10/09 v1.0u Standard LaTeX Graphics (DPC,SPQR)

(/usr/share/texlive/texmf-dist/tex/latex/graphics/trig.sty
Package: trig 2016/01/03 v1.10 sin cos tan (DPC)
)
(/usr/share/texlive/texmf-dist/tex/latex/graphics-cfg/graphics.cfg
File: graphics.cfg 2016/06/04 v1.11 sample graphics configuration
)
Package graphics Info: Driver file: pdftex.def on input line 99.

(/usr/share/texlive/texmf-dist/tex/latex/graphics-def/pdftex.def
File: pdftex.def 2017/01/12 v0.06k Graphics/color for pdfTeX

(/usr/share/texlive/texmf-dist/tex/generic/oberdiek/infwarerr.sty
Package: infwarerr 2016/05/16 v1.4 Providing info/warning/error messages (HO)
)
(/usr/share/texlive/texmf-dist/tex/generic/oberdiek/ltxcmds.sty
Package: ltxcmds 2016/05/16 v1.23 LaTeX kernel commands for general use (HO)
)
\Gread@gobject=\count111
))
\Gin@req@height=\dimen121
\Gin@req@width=\dimen122
)
(/usr/share/texlive/texmf-dist/tex/latex/wrapfig/wrapfig.sty
\wrapoverhang=\dimen123
\WF@size=\dimen124
\c@WF@wrappedlines=\count112
\WF@box=\box26
\WF@everypar=\toks17
Package: wrapfig 2003/01/31  v 3.6
)
(/usr/share/texlive/texmf-dist/tex/latex/multirow/multirow.sty
Package: multirow 2016/11/25 v2.2 Span multiple rows of a table
\multirow@colwidth=\skip43
\multirow@cntb=\count113
\multirow@dima=\skip44
\bigstrutjot=\dimen125
)
(/usr/share/texlive/texmf-dist/tex/latex/adjustbox/adjustbox.sty
Package: adjustbox 2012/05/21 v1.0 Adjusting TeX boxes (trim, clip, ...)

(/usr/share/texlive/texmf-dist/tex/latex/xkeyval/xkeyval.sty
Package: xkeyval 2014/12/03 v2.7a package option processing (HA)

(/usr/share/texlive/texmf-dist/tex/generic/xkeyval/xkeyval.tex
(/usr/share/texlive/texmf-dist/tex/generic/xkeyval/xkvutils.tex
\XKV@toks=\toks18
\XKV@tempa@toks=\toks19
)
\XKV@depth=\count114
File: xkeyval.tex 2014/12/03 v2.7a key=value parser (HA)
))
(/usr/share/texlive/texmf-dist/tex/latex/adjustbox/adjcalc.sty
Package: adjcalc 2012/05/16 v1.1 Provides advanced setlength with multiple back
-ends (calc, etex, pgfmath)
)
(/usr/share/texlive/texmf-dist/tex/latex/adjustbox/trimclip.sty
Package: trimclip 2012/05/16 v1.0 Trim and clip general TeX material

(/usr/share/texlive/texmf-dist/tex/latex/collectbox/collectbox.sty
Package: collectbox 2012/05/17 v0.4b Collect macro arguments as boxes
\collectedbox=\box27
)
\tc@llx=\dimen126
\tc@lly=\dimen127
\tc@urx=\dimen128
\tc@ury=\dimen129
Package trimclip Info: Using driver 'tc-pdftex.def'.

(/usr/share/texlive/texmf-dist/tex/latex/adjustbox/tc-pdftex.def
File: tc-pdftex.def 2012/05/13 v1.0 Clipping driver for pdftex
))
\adjbox@Width=\dimen130
\adjbox@Height=\dimen131
\adjbox@Depth=\dimen132
\adjbox@Totalheight=\dimen133

(/usr/share/texlive/texmf-dist/tex/latex/ifoddpage/ifoddpage.sty
Package: ifoddpage 2016/04/23 v1.1 Conditionals for odd/even page detection
\c@checkoddpage=\count115
)
(/usr/share/texlive/texmf-dist/tex/latex/varwidth/varwidth.sty
Package: varwidth 2009/03/30 ver 0.92;  Variable-width minipages
\@vwid@box=\box28
\sift@deathcycles=\count116
\@vwid@loff=\dimen134
\@vwid@roff=\dimen135
))
(/usr/share/texlive/texmf-dist/tex/latex/tocbibind/tocbibind.sty
Package: tocbibind 2010/10/13 v1.5k extra ToC listings
Package tocbibind Info: The document has chapter divisions on input line 50.


Package tocbibind Note: Using chapter style headings, unless overridden.

) (./Praca InÅ¼ynierska Gamitude.aux

LaTeX Warning: Label `fig:db' multiply defined.

)
\openout1 = `"Praca InÅ¼ynierska Gamitude.aux"'.

LaTeX Font Info:    Checking defaults for OML/cmm/m/it on input line 16.
LaTeX Font Info:    ... okay on input line 16.
LaTeX Font Info:    Checking defaults for T1/cmr/m/n on input line 16.
LaTeX Font Info:    ... okay on input line 16.
LaTeX Font Info:    Checking defaults for OT1/cmr/m/n on input line 16.
LaTeX Font Info:    ... okay on input line 16.
LaTeX Font Info:    Checking defaults for OMS/cmsy/m/n on input line 16.
LaTeX Font Info:    ... okay on input line 16.
LaTeX Font Info:    Checking defaults for OMX/cmex/m/n on input line 16.
LaTeX Font Info:    ... okay on input line 16.
LaTeX Font Info:    Checking defaults for U/cmr/m/n on input line 16.
LaTeX Font Info:    ... okay on input line 16.
 (/usr/share/texlive/texmf-dist/tex/context/base/mkii/supp-pdf.mkii
[Loading MPS to PDF converter (version 2006.09.02).]
\scratchcounter=\count117
\scratchdimen=\dimen136
\scratchbox=\box29
\nofMPsegments=\count118
\nofMParguments=\count119
\everyMPshowfont=\toks20
\MPscratchCnt=\count120
\MPscratchDim=\dimen137
\MPnumerator=\count121
\makeMPintoPDFobject=\count122
\everyMPtoPDFconversion=\toks21
) (/usr/share/texlive/texmf-dist/tex/generic/oberdiek/pdftexcmds.sty
Package: pdftexcmds 2016/05/21 v0.22 Utility functions of pdfTeX for LuaTeX (HO
)

(/usr/share/texlive/texmf-dist/tex/generic/oberdiek/ifluatex.sty
Package: ifluatex 2016/05/16 v1.4 Provides the ifluatex switch (HO)
Package ifluatex Info: LuaTeX not detected.
)
(/usr/share/texlive/texmf-dist/tex/generic/oberdiek/ifpdf.sty
Package: ifpdf 2016/05/14 v3.1 Provides the ifpdf switch
)
Package pdftexcmds Info: LuaTeX not detected.
Package pdftexcmds Info: \pdf@primitive is available.
Package pdftexcmds Info: \pdf@ifprimitive is available.
Package pdftexcmds Info: \pdfdraftmode found.
)
(/usr/share/texlive/texmf-dist/tex/latex/oberdiek/epstopdf-base.sty
Package: epstopdf-base 2016/05/15 v2.6 Base part for package epstopdf

(/usr/share/texlive/texmf-dist/tex/latex/oberdiek/grfext.sty
Package: grfext 2016/05/16 v1.2 Manage graphics extensions (HO)

(/usr/share/texlive/texmf-dist/tex/generic/oberdiek/kvdefinekeys.sty
Package: kvdefinekeys 2016/05/16 v1.4 Define keys (HO)
))
(/usr/share/texlive/texmf-dist/tex/latex/oberdiek/kvoptions.sty
Package: kvoptions 2016/05/16 v3.12 Key value format for package options (HO)

(/usr/share/texlive/texmf-dist/tex/generic/oberdiek/kvsetkeys.sty
Package: kvsetkeys 2016/05/16 v1.17 Key value parser (HO)

(/usr/share/texlive/texmf-dist/tex/generic/oberdiek/etexcmds.sty
Package: etexcmds 2016/05/16 v1.6 Avoid name clashes with e-TeX commands (HO)
Package etexcmds Info: Could not find \expanded.
(etexcmds)             That can mean that you are not using pdfTeX 1.50 or
(etexcmds)             that some package has redefined \expanded.
(etexcmds)             In the latter case, load this package earlier.
)))
Package epstopdf-base Info: Redefining graphics rule for `.eps' on input line 4
38.
Package grfext Info: Graphics extension search list:
(grfext)             [.png,.pdf,.jpg,.mps,.jpeg,.jbig2,.jb2,.PNG,.PDF,.JPG,.JPE
G,.JBIG2,.JB2,.eps]
(grfext)             \AppendGraphicsExtensions on input line 456.

(/usr/share/texlive/texmf-dist/tex/latex/latexconfig/epstopdf-sys.cfg
File: epstopdf-sys.cfg 2010/07/13 v1.3 Configuration of (r)epstopdf for TeX Liv
e
))
<./images/pjatk.png, id=1, 334.24875pt x 102.3825pt>
File: ./images/pjatk.png Graphic file (type png)
 <use ./images/pjatk.png>
Package pdftex.def Info: ./images/pjatk.png used on input line 20.
(pdftex.def)             Requested size: 334.24792pt x 102.38225pt.
LaTeX Font Info:    External font `cmex10' loaded for size
(Font)              <10.95> on input line 25.
LaTeX Font Info:    External font `cmex10' loaded for size
(Font)              <8> on input line 25.
LaTeX Font Info:    External font `cmex10' loaded for size
(Font)              <6> on input line 25.

Overfull \hbox (78.79134pt too wide) in paragraph at lines 25--47
 [][] 
 []


Overfull \hbox (13.58179pt too wide) in paragraph at lines 49--59
 [][] 
 []


Overfull \hbox (55.39914pt too wide) in paragraph at lines 61--66
 [][] 
 []

[1

{/var/lib/texmf/fonts/map/pdftex/updmap/pdftex.map} <./images/pjatk.png>]
(./Praca InÅ¼ynierska Gamitude.toc [2

] [3] [4] [5] [6])
\tf@toc=\write3
\openout3 = `"Praca InÅ¼ynierska Gamitude.toc"'.

 [7]
Rozdzia\l  1.

LaTeX Warning: Citation `bullet' on page 8 undefined on input line 87.


Underfull \hbox (badness 10000) in paragraph at lines 71--93

 []


Underfull \hbox (badness 10000) in paragraph at lines 71--93

 []


Underfull \hbox (badness 10000) in paragraph at lines 71--93

 []


Underfull \hbox (badness 10000) in paragraph at lines 71--93

 []


Underfull \hbox (badness 10000) in paragraph at lines 71--93

 []

[8

]
Overfull \hbox (1.44156pt too wide) in paragraph at lines 100--105
\T1/cmr/m/n/10.95 omó-wio-nych wcze-±niej, zwra-ca-j¡c tak»e uwag¦ na nie prze-
pra-co-wy-wa-nie u»yt-
 []


Underfull \hbox (badness 10000) in paragraph at lines 117--132

 []

[9] [10]
Rozdzia\l  2.
[11

] <./images/richpicture1.jpg, id=44, 759.5577pt x 578.8827pt>
File: ./images/richpicture1.jpg Graphic file (type jpg)

<use ./images/richpicture1.jpg>
Package pdftex.def Info: ./images/richpicture1.jpg used on input line 160.
(pdftex.def)             Requested size: 360.00554pt x 256.06946pt.

<./images/richpicture2.jpg, id=45, 798.5835pt x 568.40355pt>
File: ./images/richpicture2.jpg Graphic file (type jpg)

<use ./images/richpicture2.jpg>
Package pdftex.def Info: ./images/richpicture2.jpg used on input line 166.
(pdftex.def)             Requested size: 360.00508pt x 256.0828pt.


LaTeX Warning: `h' float specifier changed to `ht'.

[12 <./images/richpicture1.jpg>] [13 <./images/richpicture2.jpg>] [14] [15]
[16] [17] <./images/system.png, id=66, 540.8205pt x 293.898pt>
File: ./images/system.png Graphic file (type png)

<use ./images/system.png>
Package pdftex.def Info: ./images/system.png used on input line 332.
(pdftex.def)             Requested size: 360.00421pt x 256.09279pt.
 [18]
Underfull \hbox (badness 10000) in paragraph at lines 338--347

 []


Overfull \hbox (62.33856pt too wide) in paragraph at lines 348--519
[] 
 []


Overfull \hbox (62.33856pt too wide) in paragraph at lines 348--519
[] 
 []


Overfull \hbox (62.33856pt too wide) in paragraph at lines 348--519
[] 
 []


Overfull \hbox (62.33856pt too wide) in paragraph at lines 348--519
[] 
 []


Overfull \hbox (62.33856pt too wide) in paragraph at lines 348--519
[] 
 []


Overfull \hbox (62.33856pt too wide) in paragraph at lines 348--519
[] 
 []


Overfull \hbox (62.33856pt too wide) in paragraph at lines 348--519
[] 
 []


Overfull \hbox (62.33856pt too wide) in paragraph at lines 348--519
[] 
 []


Overfull \hbox (62.33856pt too wide) in paragraph at lines 348--519
[] 
 []


Underfull \hbox (badness 10000) in paragraph at lines 348--519

 []

[19 <./images/system.png>] [20] [21] [22]
Rozdzia\l  3.

Underfull \hbox (badness 10000) in paragraph at lines 537--537
[]\T1/cmr/m/n/10.95 Wymagania
 []


Overfull \hbox (57.88579pt too wide) in paragraph at lines 525--540
[] 
 []


Underfull \hbox (badness 10000) in paragraph at lines 525--540

 []


Underfull \hbox (badness 3291) in paragraph at lines 555--555
[]\T1/cmr/m/n/10.95 Warunki po-cz¡t-
 []


Underfull \hbox (badness 10000) in paragraph at lines 559--559
[]\T1/cmr/m/n/10.95 Sytuacje wy-j¡t-
 []


Underfull \hbox (badness 4353) in paragraph at lines 561--561
[]\T1/cmr/m/n/10.95 Szczegóªy im-ple-
 []


Underfull \hbox (badness 10000) in paragraph at lines 565--565
[]\T1/cmr/m/n/10.95 Wymagania
 []


Underfull \hbox (badness 3291) in paragraph at lines 585--585
[]\T1/cmr/m/n/10.95 Warunki po-cz¡t-
 []


Underfull \hbox (badness 10000) in paragraph at lines 589--589
[]\T1/cmr/m/n/10.95 Sytuacje wy-j¡t-
 []


Underfull \hbox (badness 4353) in paragraph at lines 591--591
[]\T1/cmr/m/n/10.95 Szczegóªy im-ple-
 []


Underfull \hbox (badness 10000) in paragraph at lines 595--595
[]\T1/cmr/m/n/10.95 Wymagania
 []


Underfull \hbox (badness 3291) in paragraph at lines 615--615
[]\T1/cmr/m/n/10.95 Warunki po-cz¡t-
 []


Underfull \hbox (badness 10000) in paragraph at lines 619--619
[]\T1/cmr/m/n/10.95 Sytuacje wy-j¡t-
 []


Underfull \hbox (badness 4353) in paragraph at lines 621--621
[]\T1/cmr/m/n/10.95 Szczegóªy im-ple-
 []


Underfull \hbox (badness 10000) in paragraph at lines 625--625
[]\T1/cmr/m/n/10.95 Wymagania
 []


Underfull \hbox (badness 3291) in paragraph at lines 645--645
[]\T1/cmr/m/n/10.95 Warunki po-cz¡t-
 []


Underfull \hbox (badness 10000) in paragraph at lines 649--649
[]\T1/cmr/m/n/10.95 Sytuacje wy-j¡t-
 []


Underfull \hbox (badness 4353) in paragraph at lines 651--651
[]\T1/cmr/m/n/10.95 Szczegóªy im-ple-
 []


Underfull \hbox (badness 10000) in paragraph at lines 655--655
[]\T1/cmr/m/n/10.95 Wymagania
 []


Underfull \hbox (badness 3291) in paragraph at lines 675--675
[]\T1/cmr/m/n/10.95 Warunki po-cz¡t-
 []


Underfull \hbox (badness 10000) in paragraph at lines 679--679
[]\T1/cmr/m/n/10.95 Sytuacje wy-j¡t-
 []


Underfull \hbox (badness 4353) in paragraph at lines 681--681
[]\T1/cmr/m/n/10.95 Szczegóªy im-ple-
 []


Underfull \hbox (badness 10000) in paragraph at lines 685--685
[]\T1/cmr/m/n/10.95 Wymagania
 []


Underfull \hbox (badness 3291) in paragraph at lines 705--705
[]\T1/cmr/m/n/10.95 Warunki po-cz¡t-
 []


Underfull \hbox (badness 10000) in paragraph at lines 709--709
[]\T1/cmr/m/n/10.95 Sytuacje wy-j¡t-
 []


Underfull \hbox (badness 4353) in paragraph at lines 711--711
[]\T1/cmr/m/n/10.95 Szczegóªy im-ple-
 []


Underfull \hbox (badness 10000) in paragraph at lines 715--715
[]\T1/cmr/m/n/10.95 Wymagania
 []


Underfull \hbox (badness 3291) in paragraph at lines 735--735
[]\T1/cmr/m/n/10.95 Warunki po-cz¡t-
 []


Underfull \hbox (badness 10000) in paragraph at lines 739--739
[]\T1/cmr/m/n/10.95 Sytuacje wy-j¡t-
 []


Underfull \hbox (badness 4353) in paragraph at lines 741--741
[]\T1/cmr/m/n/10.95 Szczegóªy im-ple-
 []


Underfull \hbox (badness 10000) in paragraph at lines 745--745
[]\T1/cmr/m/n/10.95 Wymagania
 []


Underfull \hbox (badness 3291) in paragraph at lines 765--765
[]\T1/cmr/m/n/10.95 Warunki po-cz¡t-
 []


Underfull \hbox (badness 10000) in paragraph at lines 769--769
[]\T1/cmr/m/n/10.95 Sytuacje wy-j¡t-
 []


Underfull \hbox (badness 4353) in paragraph at lines 771--771
[]\T1/cmr/m/n/10.95 Szczegóªy im-ple-
 []


Underfull \hbox (badness 10000) in paragraph at lines 775--775
[]\T1/cmr/m/n/10.95 Wymagania
 []


Underfull \hbox (badness 3291) in paragraph at lines 795--795
[]\T1/cmr/m/n/10.95 Warunki po-cz¡t-
 []


Underfull \hbox (badness 10000) in paragraph at lines 799--799
[]\T1/cmr/m/n/10.95 Sytuacje wy-j¡t-
 []


Underfull \hbox (badness 4353) in paragraph at lines 801--801
[]\T1/cmr/m/n/10.95 Szczegóªy im-ple-
 []


Underfull \hbox (badness 10000) in paragraph at lines 805--805
[]\T1/cmr/m/n/10.95 Wymagania
 []


Underfull \hbox (badness 3291) in paragraph at lines 825--825
[]\T1/cmr/m/n/10.95 Warunki po-cz¡t-
 []


Underfull \hbox (badness 10000) in paragraph at lines 829--829
[]\T1/cmr/m/n/10.95 Sytuacje wy-j¡t-
 []


Underfull \hbox (badness 4353) in paragraph at lines 831--831
[]\T1/cmr/m/n/10.95 Szczegóªy im-ple-
 []


Underfull \hbox (badness 10000) in paragraph at lines 835--835
[]\T1/cmr/m/n/10.95 Wymagania
 []


Underfull \hbox (badness 10000) in paragraph at lines 855--855
[]\T1/cmr/m/n/10.95 Wymagania
 []


Underfull \hbox (badness 10000) in paragraph at lines 875--875
[]\T1/cmr/m/n/10.95 Wymagania
 []


Underfull \hbox (badness 10000) in paragraph at lines 895--895
[]\T1/cmr/m/n/10.95 Wymagania
 []


Underfull \hbox (badness 10000) in paragraph at lines 915--915
[]\T1/cmr/m/n/10.95 Wymagania
 []


Underfull \hbox (badness 10000) in paragraph at lines 935--935
[]\T1/cmr/m/n/10.95 Wymagania
 []


Overfull \hbox (57.88579pt too wide) in paragraph at lines 541--938
[] 
 []


Underfull \hbox (badness 10000) in paragraph at lines 541--938

 []


Overfull \hbox (57.88579pt too wide) in paragraph at lines 541--938
[] 
 []


Underfull \hbox (badness 10000) in paragraph at lines 541--938

 []


Overfull \hbox (57.88579pt too wide) in paragraph at lines 541--938
[] 
 []


Underfull \hbox (badness 10000) in paragraph at lines 541--938

 []


Overfull \hbox (57.88579pt too wide) in paragraph at lines 541--938
[] 
 []


Underfull \hbox (badness 10000) in paragraph at lines 541--938

 []


Overfull \hbox (57.88579pt too wide) in paragraph at lines 541--938
[] 
 []


Underfull \hbox (badness 10000) in paragraph at lines 541--938

 []


Overfull \hbox (57.88579pt too wide) in paragraph at lines 541--938
[] 
 []


Underfull \hbox (badness 10000) in paragraph at lines 541--938

 []


Overfull \hbox (57.88579pt too wide) in paragraph at lines 541--938
[] 
 []


Underfull \hbox (badness 10000) in paragraph at lines 541--938

 []


Overfull \hbox (57.88579pt too wide) in paragraph at lines 541--938
[] 
 []


Underfull \hbox (badness 10000) in paragraph at lines 541--938

 []


Overfull \hbox (57.88579pt too wide) in paragraph at lines 541--938
[] 
 []


Underfull \hbox (badness 10000) in paragraph at lines 541--938

 []


Overfull \hbox (57.88579pt too wide) in paragraph at lines 541--938
[] 
 []


Underfull \hbox (badness 10000) in paragraph at lines 541--938

 []


Overfull \hbox (57.88579pt too wide) in paragraph at lines 541--938
[] 
 []


Underfull \hbox (badness 10000) in paragraph at lines 541--938

 []


Overfull \hbox (57.88579pt too wide) in paragraph at lines 541--938
[] 
 []


Underfull \hbox (badness 10000) in paragraph at lines 541--938

 []


Overfull \hbox (57.88579pt too wide) in paragraph at lines 541--938
[] 
 []


Underfull \hbox (badness 10000) in paragraph at lines 541--938

 []


Overfull \hbox (57.88579pt too wide) in paragraph at lines 541--938
[] 
 []


Underfull \hbox (badness 10000) in paragraph at lines 541--938

 []


Overfull \hbox (57.88579pt too wide) in paragraph at lines 541--938
[] 
 []


Underfull \hbox (badness 10000) in paragraph at lines 541--938

 []

[23

] [24] [25] [26] [27] [28] [29]
Underfull \hbox (badness 10000) in paragraph at lines 951--951
[]\T1/cmr/m/n/10.95 Wymagania
 []


Underfull \hbox (badness 10000) in paragraph at lines 969--969
[]\T1/cmr/m/n/10.95 Wymagania
 []


Underfull \hbox (badness 2941) in paragraph at lines 983--983
[]\T1/cmr/m/n/10.95 System na-le»y wdro-»y¢ do ko«ca se-me-stru zi-mo-wego
 []


Underfull \hbox (badness 10000) in paragraph at lines 987--987
[]\T1/cmr/m/n/10.95 Wymagania
 []


Underfull \hbox (badness 10000) in paragraph at lines 1005--1005
[]\T1/cmr/m/n/10.95 Wymagania
 []


Overfull \hbox (57.88579pt too wide) in paragraph at lines 939--1008
[] 
 []


Underfull \hbox (badness 10000) in paragraph at lines 939--1008

 []


Overfull \hbox (57.88579pt too wide) in paragraph at lines 939--1008
[] 
 []


Underfull \hbox (badness 10000) in paragraph at lines 939--1008

 []


Overfull \hbox (57.88579pt too wide) in paragraph at lines 939--1008
[] 
 []


Underfull \hbox (badness 10000) in paragraph at lines 939--1008

 []


Overfull \hbox (57.88579pt too wide) in paragraph at lines 939--1008
[] 
 []


Underfull \hbox (badness 10000) in paragraph at lines 939--1008

 []

[30]
Underfull \hbox (badness 10000) in paragraph at lines 1023--1023
[]\T1/cmr/m/n/10.95 Wymagania
 []


Overfull \hbox (57.88579pt too wide) in paragraph at lines 1009--1026
[] 
 []


Underfull \hbox (badness 10000) in paragraph at lines 1009--1026

 []

LaTeX Font Info:    Try loading font information for OMS+cmr on input line 1028
.
(/usr/share/texlive/texmf-dist/tex/latex/base/omscmr.fd
File: omscmr.fd 2014/09/29 v2.5h Standard LaTeX font definitions
)
LaTeX Font Info:    Font shape `OMS/cmr/m/n' in size <10.95> not available
(Font)              Font shape `OMS/cmsy/m/n' tried instead on input line 1028.

 [31]
Overfull \hbox (4.84077pt too wide) in paragraph at lines 1033--1033
[]\T1/cmr/bx/n/14.4 Przypadki u»y-cia oraz dia-gramy (w trak-cie prze-
 []

<./images/systemusecase.png, id=112, 741.77126pt x 898.35625pt>
File: ./images/systemusecase.png Graphic file (type png)

<use ./images/systemusecase.png>
Package pdftex.def Info: ./images/systemusecase.png used on input line 1036.
(pdftex.def)             Requested size: 360.00764pt x 398.33481pt.


LaTeX Warning: `h' float specifier changed to `ht'.

<./images/sekwencji.png, id=114, 676.02562pt x 660.96938pt>
File: ./images/sekwencji.png Graphic file (type png)

<use ./images/sekwencji.png>
Package pdftex.def Info: ./images/sekwencji.png used on input line 1042.
(pdftex.def)             Requested size: 360.00421pt x 256.08264pt.


LaTeX Warning: `h' float specifier changed to `ht'.

<./images/sekwencji1.png, id=115, 606.01407pt x 569.12625pt>
File: ./images/sekwencji1.png Graphic file (type png)

<use ./images/sekwencji1.png>
Package pdftex.def Info: ./images/sekwencji1.png used on input line 1048.
(pdftex.def)             Requested size: 360.00491pt x 256.08708pt.


LaTeX Warning: `h' float specifier changed to `ht'.

[32] [33 <./images/systemusecase.png>] [34 <./images/sekwencji.png> <./images/s
ekwencji1.png>]
Rozdzia\l  4.

Underfull \hbox (badness 10000) in paragraph at lines 1064--1070

 []


Underfull \hbox (badness 10000) in paragraph at lines 1071--1074

 []

[35

] [36]
Rozdzia\l  5.

LaTeX Warning: No positions in optional float specifier.
               Default added (so using `tbp') on input line 1090.

<./images/gamitude_overview.png, id=135, 309.155pt x 752.8125pt>
File: ./images/gamitude_overview.png Graphic file (type png)

<use ./images/gamitude_overview.png>
Package pdftex.def Info: ./images/gamitude_overview.png used on input line 1092
.
(pdftex.def)             Requested size: 154.57712pt x 376.40532pt.
 [37

] [38 <./images/gamitude_overview.png (PNG copy)>]
<./images/gamitude_cloud_overview.png, id=143, 269.005pt x 604.2575pt>
File: ./images/gamitude_cloud_overview.png Graphic file (type png)

<use ./images/gamitude_cloud_overview.png>
Package pdftex.def Info: ./images/gamitude_cloud_overview.png used on input lin
e 1123.
(pdftex.def)             Requested size: 134.50217pt x 302.128pt.
 [39 <./images/gamitude_cloud_overview.png (PNG copy)>]
Rozdzia\l  6.
<./images/gamitude_database_model.png, id=147, 918.43124pt x 977.6525pt>
File: ./images/gamitude_database_model.png Graphic file (type png)

<use ./images/gamitude_database_model.png>
Package pdftex.def Info: ./images/gamitude_database_model.png used on input lin
e 1132.
(pdftex.def)             Requested size: 360.00858pt x 284.52637pt.
 [40

 <./images/gamitude_database_model.png (PNG copy)>]
Rozdzia\l  7.

Underfull \hbox (badness 10000) in paragraph at lines 1141--1144

 []


Underfull \hbox (badness 10000) in paragraph at lines 1151--1154

 []

[41

]
Underfull \hbox (badness 10000) in paragraph at lines 1161--1164

 []


Underfull \hbox (badness 10000) in paragraph at lines 1171--1173

 []

[42]
Underfull \hbox (badness 10000) in paragraph at lines 1180--1182

 []


Overfull \hbox (0.36185pt too wide) in paragraph at lines 1185--1185
[]\T1/cmr/bx/n/14.4 Diagramy funk-cjo-nal-no-±ci, wy-ma-ga-nia bazy da-
 []


Underfull \hbox (badness 10000) in paragraph at lines 1189--1193

 []

[43]
Underfull \hbox (badness 10000) in paragraph at lines 1200--1203

 []


Underfull \hbox (badness 10000) in paragraph at lines 1210--1214

 []


Overfull \hbox (8.7631pt too wide) in paragraph at lines 1219--1220
\T1/cmr/m/n/10.95 Stworzenie al-go-ryt-mów od-po-wie-dzial-nych za przy-zna-wa-
nie rangi oraz za wzrost
 []

[44]
Underfull \hbox (badness 10000) in paragraph at lines 1221--1224

 []


Underfull \hbox (badness 10000) in paragraph at lines 1231--1234

 []


Underfull \hbox (badness 10000) in paragraph at lines 1241--1245

 []

[45]
Underfull \hbox (badness 10000) in paragraph at lines 1252--1255

 []


Underfull \hbox (badness 10000) in paragraph at lines 1262--1264

 []

[46]
Underfull \hbox (badness 10000) in paragraph at lines 1271--1274

 []


Underfull \hbox (badness 10000) in paragraph at lines 1281--1284

 []

[47]
Underfull \hbox (badness 10000) in paragraph at lines 1291--1293

 []


Underfull \hbox (badness 10000) in paragraph at lines 1300--1303

 []

[48]
Overfull \hbox (3.95671pt too wide) in paragraph at lines 1310--1312
\T1/cmr/m/n/10.95 Stanisªaw: Prze-no-sze-nie ko-lej-nych mi-kro ser-wi-sów do c
hmury Go-ogle'a. Stwo-
 []


Underfull \hbox (badness 10000) in paragraph at lines 1310--1312

 []


Underfull \hbox (badness 10000) in paragraph at lines 1319--1322

 []


Underfull \hbox (badness 10000) in paragraph at lines 1330--1333

 []

[49]
Underfull \hbox (badness 10000) in paragraph at lines 1340--1343

 []


Underfull \hbox (badness 10000) in paragraph at lines 1350--1353

 []

[50]
Underfull \hbox (badness 10000) in paragraph at lines 1360--1363

 []


Underfull \hbox (badness 10000) in paragraph at lines 1371--1374

 []

[51]
Underfull \hbox (badness 10000) in paragraph at lines 1381--1384

 []


Underfull \hbox (badness 10000) in paragraph at lines 1391--1394

 []


Underfull \hbox (badness 10000) in paragraph at lines 1401--1404

 []

[52]
Underfull \hbox (badness 10000) in paragraph at lines 1411--1414

 []


Overfull \hbox (1.35562pt too wide) in paragraph at lines 1421--1424
\T1/cmr/m/n/10.95 Robert: Przy-sto-so-wa-nie strony gªów-nej do szu-ka-nia wi¦-
cej in-for-ma-cji, zmiana
 []


Underfull \hbox (badness 10000) in paragraph at lines 1421--1424

 []

[53]
Underfull \hbox (badness 10000) in paragraph at lines 1431--1434

 []


Underfull \hbox (badness 10000) in paragraph at lines 1441--1444

 []

[54]
Underfull \hbox (badness 10000) in paragraph at lines 1451--1454

 []


Underfull \hbox (badness 10000) in paragraph at lines 1461--1464

 []

[55]
Underfull \hbox (badness 10000) in paragraph at lines 1471--1475

 []


Underfull \hbox (badness 10000) in paragraph at lines 1482--1486

 []

[56]
Underfull \hbox (badness 10000) in paragraph at lines 1493--1496

 []


Overfull \hbox (5.6581pt too wide) in paragraph at lines 1499--1499
[]\T1/cmr/bx/n/14.4 Stoper, kon-trola ci¡-gªo-±ci se-sji, ku-po-wa-nie rang 
 []


Underfull \hbox (badness 10000) in paragraph at lines 1503--1506

 []

[57]
Underfull \hbox (badness 10000) in paragraph at lines 1515--1522

 []


Underfull \hbox (badness 10000) in paragraph at lines 1523--1529

 []

[58]
Underfull \hbox (badness 10000) in paragraph at lines 1533--1542

 []


Underfull \hbox (badness 10000) in paragraph at lines 1543--1546

 []

[59]
Underfull \hbox (badness 10000) in paragraph at lines 1547--1551

 []


Underfull \hbox (badness 10000) in paragraph at lines 1554--1561

 []


Underfull \hbox (badness 10000) in paragraph at lines 1562--1565

 []


Underfull \hbox (badness 10000) in paragraph at lines 1566--1569

 []

[60]
Underfull \hbox (badness 10000) in paragraph at lines 1573--1579

 []


Underfull \hbox (badness 10000) in paragraph at lines 1580--1583

 []

[61]
Rozdzia\l  8.
[62

]
Rozdzia\l  9.
[63

]
Rozdzia\l  10.
[64

]
Rozdzia\l  11.
[65

]
Rozdzia\l  12.
[66

]
Rozdzia\l  13.
(./Praca InÅ¼ynierska Gamitude.bbl [67

]
Overfull \hbox (88.18701pt too wide) in paragraph at lines 10--12
[]\T1/cmr/m/n/10.95 Wikipedia, ``me-to-do-lo-gia po-mo-doro,''  https://en.wiki
pedia.org/wiki/Pomodoro_Technique. 
 []


Underfull \hbox (badness 2012) in paragraph at lines 38--42
[]\T1/cmr/m/n/10.95 J. Fa-letto, ``The 5-minute hack for be-ating pro-cra-sti-n
a-tion used
 []


Underfull \hbox (badness 3942) in paragraph at lines 38--42
\T1/cmr/m/n/10.95 by in-sta-gram's co-founder,'' \T1/cmr/m/it/10.95 Cu-rio-sity
\T1/cmr/m/n/10.95 , jan 2018.  me-to-do-lo-gia
 []


Underfull \hbox (badness 5231) in paragraph at lines 38--42
\T1/cmr/m/n/10.95 just 5 - https://curiosity.com/topics/the-5-minute-hack-for-b
eating-
 []

) [68

]
Rozdzia\l  14.
[69

] (./Praca InÅ¼ynierska Gamitude.aux)

LaTeX Warning: There were undefined references.


LaTeX Warning: There were multiply-defined labels.

 ) 
Here is how much of TeX's memory you used:
 3802 strings out of 493013
 52293 string characters out of 6135682
 193057 words of memory out of 5000000
 7232 multiletter control sequences out of 15000+600000
 14799 words of font info for 34 fonts, out of 8000000 for 9000
 1141 hyphenation exceptions out of 8191
 39i,8n,37p,444b,292s stack positions out of 5000i,500n,10000p,200000b,80000s
{/usr/share/texmf/fonts/enc/dvips/cm-super/cm-super-t1.enc}</usr/share/texliv
e/texmf-dist/fonts/type1/public/amsfonts/cm/cmsy10.pfb></usr/share/texmf/fonts/
type1/public/cm-super/sfbx1095.pfb></usr/share/texmf/fonts/type1/public/cm-supe
r/sfbx1200.pfb></usr/share/texmf/fonts/type1/public/cm-super/sfbx1440.pfb></usr
/share/texmf/fonts/type1/public/cm-super/sfbx2074.pfb></usr/share/texmf/fonts/t
ype1/public/cm-super/sfbx2488.pfb></usr/share/texmf/fonts/type1/public/cm-super
/sfrm1095.pfb></usr/share/texmf/fonts/type1/public/cm-super/sfti1095.pfb>
Output written on "Praca InÅ¼ynierska Gamitude.pdf" (69 pages, 1153020 bytes).
PDF statistics:
 274 PDF objects out of 1000 (max. 8388607)
 180 compressed objects within 2 object streams
 0 named destinations out of 1000 (max. 500000)
 51 words of extra memory for PDF output out of 10000 (max. 10000000)

